{"C:/Users/Holly.Bishop/development/IN_PROGRESS/mastering_javascript_unit_testing/javascript-testing-starter/src/core.js": {"path":"C:/Users/Holly.Bishop/development/IN_PROGRESS/mastering_javascript_unit_testing/javascript-testing-starter/src/core.js","statementMap":{"0":{"start":{"line":3,"column":2},"end":{"line":6,"column":4}},"1":{"start":{"line":11,"column":2},"end":{"line":13,"column":3}},"2":{"start":{"line":12,"column":4},"end":{"line":12,"column":27}},"3":{"start":{"line":15,"column":2},"end":{"line":17,"column":3}},"4":{"start":{"line":16,"column":4},"end":{"line":16,"column":35}},"5":{"start":{"line":19,"column":17},"end":{"line":19,"column":18}},"6":{"start":{"line":20,"column":2},"end":{"line":24,"column":3}},"7":{"start":{"line":21,"column":4},"end":{"line":21,"column":19}},"8":{"start":{"line":22,"column":9},"end":{"line":24,"column":3}},"9":{"start":{"line":23,"column":4},"end":{"line":23,"column":19}},"10":{"start":{"line":26,"column":2},"end":{"line":26,"column":34}},"11":{"start":{"line":31,"column":15},"end":{"line":31,"column":17}},"12":{"start":{"line":33,"column":2},"end":{"line":35,"column":3}},"13":{"start":{"line":34,"column":4},"end":{"line":34,"column":36}},"14":{"start":{"line":37,"column":2},"end":{"line":39,"column":3}},"15":{"start":{"line":38,"column":4},"end":{"line":38,"column":31}},"16":{"start":{"line":41,"column":2},"end":{"line":41,"column":75}},"17":{"start":{"line":46,"column":2},"end":{"line":46,"column":38}},"18":{"start":{"line":51,"column":20},"end":{"line":51,"column":21}},"19":{"start":{"line":52,"column":20},"end":{"line":52,"column":22}},"20":{"start":{"line":54,"column":2},"end":{"line":54,"column":70}},"21":{"start":{"line":59,"column":26},"end":{"line":62,"column":3}},"22":{"start":{"line":64,"column":2},"end":{"line":66,"column":3}},"23":{"start":{"line":65,"column":4},"end":{"line":65,"column":34}},"24":{"start":{"line":68,"column":2},"end":{"line":68,"column":45}},"25":{"start":{"line":73,"column":2},"end":{"line":78,"column":5}},"26":{"start":{"line":74,"column":4},"end":{"line":77,"column":7}},"27":{"start":{"line":75,"column":19},"end":{"line":75,"column":28}},"28":{"start":{"line":76,"column":6},"end":{"line":76,"column":20}},"29":{"start":{"line":84,"column":4},"end":{"line":84,"column":20}},"30":{"start":{"line":88,"column":4},"end":{"line":88,"column":26}},"31":{"start":{"line":92,"column":4},"end":{"line":94,"column":5}},"32":{"start":{"line":93,"column":6},"end":{"line":93,"column":40}},"33":{"start":{"line":95,"column":4},"end":{"line":95,"column":28}},"34":{"start":{"line":99,"column":4},"end":{"line":101,"column":5}},"35":{"start":{"line":100,"column":6},"end":{"line":100,"column":40}},"36":{"start":{"line":102,"column":4},"end":{"line":102,"column":45}},"37":{"start":{"line":106,"column":4},"end":{"line":106,"column":35}},"38":{"start":{"line":110,"column":4},"end":{"line":110,"column":29}},"39":{"start":{"line":114,"column":4},"end":{"line":114,"column":20}},"40":{"start":{"line":120,"column":2},"end":{"line":124,"column":6}},"41":{"start":{"line":121,"column":4},"end":{"line":124,"column":6}},"42":{"start":{"line":126,"column":2},"end":{"line":130,"column":6}},"43":{"start":{"line":127,"column":4},"end":{"line":130,"column":6}},"44":{"start":{"line":132,"column":2},"end":{"line":132,"column":74}},"45":{"start":{"line":137,"column":2},"end":{"line":139,"column":3}},"46":{"start":{"line":138,"column":4},"end":{"line":138,"column":17}},"47":{"start":{"line":142,"column":2},"end":{"line":144,"column":3}},"48":{"start":{"line":143,"column":4},"end":{"line":143,"column":17}},"49":{"start":{"line":147,"column":2},"end":{"line":149,"column":3}},"50":{"start":{"line":148,"column":4},"end":{"line":148,"column":17}},"51":{"start":{"line":152,"column":2},"end":{"line":154,"column":3}},"52":{"start":{"line":153,"column":4},"end":{"line":153,"column":17}},"53":{"start":{"line":157,"column":2},"end":{"line":157,"column":14}}},"fnMap":{"0":{"name":"getCoupons","decl":{"start":{"line":2,"column":16},"end":{"line":2,"column":26}},"loc":{"start":{"line":2,"column":29},"end":{"line":7,"column":1}}},"1":{"name":"calculateDiscount","decl":{"start":{"line":10,"column":16},"end":{"line":10,"column":33}},"loc":{"start":{"line":10,"column":55},"end":{"line":27,"column":1}}},"2":{"name":"validateUserInput","decl":{"start":{"line":30,"column":16},"end":{"line":30,"column":33}},"loc":{"start":{"line":30,"column":49},"end":{"line":42,"column":1}}},"3":{"name":"isPriceInRange","decl":{"start":{"line":45,"column":16},"end":{"line":45,"column":30}},"loc":{"start":{"line":45,"column":48},"end":{"line":47,"column":1}}},"4":{"name":"isValidUsername","decl":{"start":{"line":50,"column":16},"end":{"line":50,"column":31}},"loc":{"start":{"line":50,"column":42},"end":{"line":55,"column":1}}},"5":{"name":"canDrive","decl":{"start":{"line":58,"column":16},"end":{"line":58,"column":24}},"loc":{"start":{"line":58,"column":43},"end":{"line":69,"column":1}}},"6":{"name":"fetchData","decl":{"start":{"line":72,"column":16},"end":{"line":72,"column":25}},"loc":{"start":{"line":72,"column":28},"end":{"line":79,"column":1}}},"7":{"name":"(anonymous_7)","decl":{"start":{"line":73,"column":21},"end":{"line":73,"column":22}},"loc":{"start":{"line":73,"column":34},"end":{"line":78,"column":3}}},"8":{"name":"(anonymous_8)","decl":{"start":{"line":74,"column":15},"end":{"line":74,"column":16}},"loc":{"start":{"line":74,"column":21},"end":{"line":77,"column":5}}},"9":{"name":"(anonymous_9)","decl":{"start":{"line":83,"column":2},"end":{"line":83,"column":13}},"loc":{"start":{"line":83,"column":16},"end":{"line":85,"column":3}}},"10":{"name":"(anonymous_10)","decl":{"start":{"line":87,"column":2},"end":{"line":87,"column":6}},"loc":{"start":{"line":87,"column":13},"end":{"line":89,"column":3}}},"11":{"name":"(anonymous_11)","decl":{"start":{"line":91,"column":2},"end":{"line":91,"column":5}},"loc":{"start":{"line":91,"column":8},"end":{"line":96,"column":3}}},"12":{"name":"(anonymous_12)","decl":{"start":{"line":98,"column":2},"end":{"line":98,"column":6}},"loc":{"start":{"line":98,"column":9},"end":{"line":103,"column":3}}},"13":{"name":"(anonymous_13)","decl":{"start":{"line":105,"column":2},"end":{"line":105,"column":9}},"loc":{"start":{"line":105,"column":12},"end":{"line":107,"column":3}}},"14":{"name":"(anonymous_14)","decl":{"start":{"line":109,"column":2},"end":{"line":109,"column":6}},"loc":{"start":{"line":109,"column":9},"end":{"line":111,"column":3}}},"15":{"name":"(anonymous_15)","decl":{"start":{"line":113,"column":2},"end":{"line":113,"column":7}},"loc":{"start":{"line":113,"column":10},"end":{"line":115,"column":3}}},"16":{"name":"createProduct","decl":{"start":{"line":119,"column":16},"end":{"line":119,"column":29}},"loc":{"start":{"line":119,"column":39},"end":{"line":133,"column":1}}},"17":{"name":"isStrongPassword","decl":{"start":{"line":135,"column":16},"end":{"line":135,"column":32}},"loc":{"start":{"line":135,"column":43},"end":{"line":158,"column":1}}}},"branchMap":{"0":{"loc":{"start":{"line":11,"column":2},"end":{"line":13,"column":3}},"type":"if","locations":[{"start":{"line":11,"column":2},"end":{"line":13,"column":3}},{"start":{},"end":{}}]},"1":{"loc":{"start":{"line":11,"column":6},"end":{"line":11,"column":45}},"type":"binary-expr","locations":[{"start":{"line":11,"column":6},"end":{"line":11,"column":31}},{"start":{"line":11,"column":35},"end":{"line":11,"column":45}}]},"2":{"loc":{"start":{"line":15,"column":2},"end":{"line":17,"column":3}},"type":"if","locations":[{"start":{"line":15,"column":2},"end":{"line":17,"column":3}},{"start":{},"end":{}}]},"3":{"loc":{"start":{"line":20,"column":2},"end":{"line":24,"column":3}},"type":"if","locations":[{"start":{"line":20,"column":2},"end":{"line":24,"column":3}},{"start":{"line":22,"column":9},"end":{"line":24,"column":3}}]},"4":{"loc":{"start":{"line":22,"column":9},"end":{"line":24,"column":3}},"type":"if","locations":[{"start":{"line":22,"column":9},"end":{"line":24,"column":3}},{"start":{},"end":{}}]},"5":{"loc":{"start":{"line":33,"column":2},"end":{"line":35,"column":3}},"type":"if","locations":[{"start":{"line":33,"column":2},"end":{"line":35,"column":3}},{"start":{},"end":{}}]},"6":{"loc":{"start":{"line":33,"column":6},"end":{"line":33,"column":57}},"type":"binary-expr","locations":[{"start":{"line":33,"column":6},"end":{"line":33,"column":34}},{"start":{"line":33,"column":38},"end":{"line":33,"column":57}}]},"7":{"loc":{"start":{"line":37,"column":2},"end":{"line":39,"column":3}},"type":"if","locations":[{"start":{"line":37,"column":2},"end":{"line":39,"column":3}},{"start":{},"end":{}}]},"8":{"loc":{"start":{"line":37,"column":6},"end":{"line":37,"column":41}},"type":"binary-expr","locations":[{"start":{"line":37,"column":6},"end":{"line":37,"column":29}},{"start":{"line":37,"column":33},"end":{"line":37,"column":41}}]},"9":{"loc":{"start":{"line":41,"column":9},"end":{"line":41,"column":74}},"type":"cond-expr","locations":[{"start":{"line":41,"column":31},"end":{"line":41,"column":54}},{"start":{"line":41,"column":57},"end":{"line":41,"column":74}}]},"10":{"loc":{"start":{"line":46,"column":9},"end":{"line":46,"column":37}},"type":"binary-expr","locations":[{"start":{"line":46,"column":9},"end":{"line":46,"column":21}},{"start":{"line":46,"column":25},"end":{"line":46,"column":37}}]},"11":{"loc":{"start":{"line":54,"column":9},"end":{"line":54,"column":69}},"type":"binary-expr","locations":[{"start":{"line":54,"column":9},"end":{"line":54,"column":37}},{"start":{"line":54,"column":41},"end":{"line":54,"column":69}}]},"12":{"loc":{"start":{"line":64,"column":2},"end":{"line":66,"column":3}},"type":"if","locations":[{"start":{"line":64,"column":2},"end":{"line":66,"column":3}},{"start":{},"end":{}}]},"13":{"loc":{"start":{"line":92,"column":4},"end":{"line":94,"column":5}},"type":"if","locations":[{"start":{"line":92,"column":4},"end":{"line":94,"column":5}},{"start":{},"end":{}}]},"14":{"loc":{"start":{"line":99,"column":4},"end":{"line":101,"column":5}},"type":"if","locations":[{"start":{"line":99,"column":4},"end":{"line":101,"column":5}},{"start":{},"end":{}}]},"15":{"loc":{"start":{"line":120,"column":2},"end":{"line":124,"column":6}},"type":"if","locations":[{"start":{"line":120,"column":2},"end":{"line":124,"column":6}},{"start":{},"end":{}}]},"16":{"loc":{"start":{"line":126,"column":2},"end":{"line":130,"column":6}},"type":"if","locations":[{"start":{"line":126,"column":2},"end":{"line":130,"column":6}},{"start":{},"end":{}}]},"17":{"loc":{"start":{"line":137,"column":2},"end":{"line":139,"column":3}},"type":"if","locations":[{"start":{"line":137,"column":2},"end":{"line":139,"column":3}},{"start":{},"end":{}}]},"18":{"loc":{"start":{"line":142,"column":2},"end":{"line":144,"column":3}},"type":"if","locations":[{"start":{"line":142,"column":2},"end":{"line":144,"column":3}},{"start":{},"end":{}}]},"19":{"loc":{"start":{"line":147,"column":2},"end":{"line":149,"column":3}},"type":"if","locations":[{"start":{"line":147,"column":2},"end":{"line":149,"column":3}},{"start":{},"end":{}}]},"20":{"loc":{"start":{"line":152,"column":2},"end":{"line":154,"column":3}},"type":"if","locations":[{"start":{"line":152,"column":2},"end":{"line":154,"column":3}},{"start":{},"end":{}}]}},"s":{"0":0,"1":0,"2":0,"3":0,"4":0,"5":0,"6":0,"7":0,"8":0,"9":0,"10":0,"11":0,"12":0,"13":0,"14":0,"15":0,"16":0,"17":0,"18":0,"19":0,"20":0,"21":0,"22":0,"23":0,"24":0,"25":0,"26":0,"27":0,"28":0,"29":0,"30":0,"31":0,"32":0,"33":0,"34":0,"35":0,"36":0,"37":0,"38":0,"39":0,"40":0,"41":0,"42":0,"43":0,"44":0,"45":0,"46":0,"47":0,"48":0,"49":0,"50":0,"51":0,"52":0,"53":0},"f":{"0":0,"1":0,"2":0,"3":0,"4":0,"5":0,"6":0,"7":0,"8":0,"9":0,"10":0,"11":0,"12":0,"13":0,"14":0,"15":0,"16":0,"17":0},"b":{"0":[0,0],"1":[0,0],"2":[0,0],"3":[0,0],"4":[0,0],"5":[0,0],"6":[0,0],"7":[0,0],"8":[0,0],"9":[0,0],"10":[0,0],"11":[0,0],"12":[0,0],"13":[0,0],"14":[0,0],"15":[0,0],"16":[0,0],"17":[0,0],"18":[0,0],"19":[0,0],"20":[0,0]}}
,"C:/Users/Holly.Bishop/development/IN_PROGRESS/mastering_javascript_unit_testing/javascript-testing-starter/src/intro.js": {"path":"C:/Users/Holly.Bishop/development/IN_PROGRESS/mastering_javascript_unit_testing/javascript-testing-starter/src/intro.js","statementMap":{"0":{"start":{"line":3,"column":2},"end":{"line":3,"column":23}},"1":{"start":{"line":8,"column":2},"end":{"line":8,"column":52}},"2":{"start":{"line":8,"column":34},"end":{"line":8,"column":52}},"3":{"start":{"line":9,"column":2},"end":{"line":9,"column":33}},"4":{"start":{"line":9,"column":19},"end":{"line":9,"column":33}},"5":{"start":{"line":10,"column":2},"end":{"line":10,"column":33}},"6":{"start":{"line":10,"column":19},"end":{"line":10,"column":33}},"7":{"start":{"line":11,"column":2},"end":{"line":11,"column":22}},"8":{"start":{"line":16,"column":2},"end":{"line":16,"column":39}},"9":{"start":{"line":16,"column":28},"end":{"line":16,"column":39}},"10":{"start":{"line":17,"column":14},"end":{"line":17,"column":64}},"11":{"start":{"line":17,"column":47},"end":{"line":17,"column":60}},"12":{"start":{"line":18,"column":2},"end":{"line":18,"column":30}},"13":{"start":{"line":26,"column":2},"end":{"line":26,"column":30}},"14":{"start":{"line":26,"column":13},"end":{"line":26,"column":30}},"15":{"start":{"line":27,"column":2},"end":{"line":27,"column":23}},"16":{"start":{"line":27,"column":14},"end":{"line":27,"column":23}},"17":{"start":{"line":28,"column":15},"end":{"line":28,"column":16}},"18":{"start":{"line":29,"column":2},"end":{"line":32,"column":3}},"19":{"start":{"line":30,"column":4},"end":{"line":30,"column":8}},"20":{"start":{"line":31,"column":4},"end":{"line":31,"column":24}},"21":{"start":{"line":33,"column":2},"end":{"line":33,"column":16}}},"fnMap":{"0":{"name":"max","decl":{"start":{"line":2,"column":16},"end":{"line":2,"column":19}},"loc":{"start":{"line":2,"column":26},"end":{"line":4,"column":1}}},"1":{"name":"fizzBuzz","decl":{"start":{"line":7,"column":16},"end":{"line":7,"column":24}},"loc":{"start":{"line":7,"column":28},"end":{"line":12,"column":1}}},"2":{"name":"calculateAverage","decl":{"start":{"line":15,"column":16},"end":{"line":15,"column":32}},"loc":{"start":{"line":15,"column":42},"end":{"line":22,"column":1}}},"3":{"name":"(anonymous_3)","decl":{"start":{"line":17,"column":29},"end":{"line":17,"column":30}},"loc":{"start":{"line":17,"column":47},"end":{"line":17,"column":60}}},"4":{"name":"factorial","decl":{"start":{"line":25,"column":16},"end":{"line":25,"column":25}},"loc":{"start":{"line":25,"column":29},"end":{"line":34,"column":1}}}},"branchMap":{"0":{"loc":{"start":{"line":3,"column":9},"end":{"line":3,"column":22}},"type":"cond-expr","locations":[{"start":{"line":3,"column":17},"end":{"line":3,"column":18}},{"start":{"line":3,"column":21},"end":{"line":3,"column":22}}]},"1":{"loc":{"start":{"line":8,"column":2},"end":{"line":8,"column":52}},"type":"if","locations":[{"start":{"line":8,"column":2},"end":{"line":8,"column":52}},{"start":{},"end":{}}]},"2":{"loc":{"start":{"line":8,"column":6},"end":{"line":8,"column":32}},"type":"binary-expr","locations":[{"start":{"line":8,"column":6},"end":{"line":8,"column":17}},{"start":{"line":8,"column":21},"end":{"line":8,"column":32}}]},"3":{"loc":{"start":{"line":9,"column":2},"end":{"line":9,"column":33}},"type":"if","locations":[{"start":{"line":9,"column":2},"end":{"line":9,"column":33}},{"start":{},"end":{}}]},"4":{"loc":{"start":{"line":10,"column":2},"end":{"line":10,"column":33}},"type":"if","locations":[{"start":{"line":10,"column":2},"end":{"line":10,"column":33}},{"start":{},"end":{}}]},"5":{"loc":{"start":{"line":16,"column":2},"end":{"line":16,"column":39}},"type":"if","locations":[{"start":{"line":16,"column":2},"end":{"line":16,"column":39}},{"start":{},"end":{}}]},"6":{"loc":{"start":{"line":26,"column":2},"end":{"line":26,"column":30}},"type":"if","locations":[{"start":{"line":26,"column":2},"end":{"line":26,"column":30}},{"start":{},"end":{}}]},"7":{"loc":{"start":{"line":27,"column":2},"end":{"line":27,"column":23}},"type":"if","locations":[{"start":{"line":27,"column":2},"end":{"line":27,"column":23}},{"start":{},"end":{}}]}},"s":{"0":3,"1":3,"2":1,"3":2,"4":1,"5":1,"6":1,"7":0,"8":5,"9":1,"10":4,"11":11,"12":4,"13":7,"14":1,"15":6,"16":2,"17":4,"18":4,"19":10,"20":10,"21":4},"f":{"0":3,"1":3,"2":5,"3":11,"4":7},"b":{"0":[1,2],"1":[1,2],"2":[3,2],"3":[1,1],"4":[1,0],"5":[1,4],"6":[1,6],"7":[2,4]}}
,"C:/Users/Holly.Bishop/development/IN_PROGRESS/mastering_javascript_unit_testing/javascript-testing-starter/src/mocking.js": {"path":"C:/Users/Holly.Bishop/development/IN_PROGRESS/mastering_javascript_unit_testing/javascript-testing-starter/src/mocking.js","statementMap":{"0":{"start":{"line":10,"column":15},"end":{"line":10,"column":47}},"1":{"start":{"line":11,"column":2},"end":{"line":11,"column":22}},"2":{"start":{"line":16,"column":16},"end":{"line":16,"column":45}},"3":{"start":{"line":17,"column":2},"end":{"line":17,"column":44}},"4":{"start":{"line":17,"column":14},"end":{"line":17,"column":44}},"5":{"start":{"line":18,"column":2},"end":{"line":18,"column":71}},"6":{"start":{"line":23,"column":2},"end":{"line":23,"column":25}},"7":{"start":{"line":25,"column":2},"end":{"line":25,"column":30}},"8":{"start":{"line":30,"column":24},"end":{"line":30,"column":67}},"9":{"start":{"line":32,"column":2},"end":{"line":33,"column":54}},"10":{"start":{"line":33,"column":4},"end":{"line":33,"column":54}},"11":{"start":{"line":35,"column":2},"end":{"line":35,"column":27}},"12":{"start":{"line":40,"column":2},"end":{"line":40,"column":41}},"13":{"start":{"line":40,"column":28},"end":{"line":40,"column":41}},"14":{"start":{"line":42,"column":2},"end":{"line":42,"column":44}},"15":{"start":{"line":44,"column":2},"end":{"line":44,"column":14}},"16":{"start":{"line":49,"column":15},"end":{"line":49,"column":38}},"17":{"start":{"line":51,"column":2},"end":{"line":51,"column":42}},"18":{"start":{"line":56,"column":25},"end":{"line":56,"column":32}},"19":{"start":{"line":57,"column":24},"end":{"line":57,"column":38}},"20":{"start":{"line":58,"column":22},"end":{"line":58,"column":43}},"21":{"start":{"line":60,"column":2},"end":{"line":60,"column":53}},"22":{"start":{"line":65,"column":16},"end":{"line":65,"column":26}},"23":{"start":{"line":66,"column":25},"end":{"line":66,"column":74}},"24":{"start":{"line":67,"column":2},"end":{"line":67,"column":34}}},"fnMap":{"0":{"name":"getPriceInCurrency","decl":{"start":{"line":9,"column":16},"end":{"line":9,"column":34}},"loc":{"start":{"line":9,"column":52},"end":{"line":12,"column":1}}},"1":{"name":"getShippingInfo","decl":{"start":{"line":15,"column":16},"end":{"line":15,"column":31}},"loc":{"start":{"line":15,"column":45},"end":{"line":19,"column":1}}},"2":{"name":"renderPage","decl":{"start":{"line":22,"column":22},"end":{"line":22,"column":32}},"loc":{"start":{"line":22,"column":35},"end":{"line":26,"column":1}}},"3":{"name":"submitOrder","decl":{"start":{"line":29,"column":22},"end":{"line":29,"column":33}},"loc":{"start":{"line":29,"column":53},"end":{"line":36,"column":1}}},"4":{"name":"signUp","decl":{"start":{"line":39,"column":22},"end":{"line":39,"column":28}},"loc":{"start":{"line":39,"column":36},"end":{"line":45,"column":1}}},"5":{"name":"login","decl":{"start":{"line":48,"column":22},"end":{"line":48,"column":27}},"loc":{"start":{"line":48,"column":35},"end":{"line":52,"column":1}}},"6":{"name":"isOnline","decl":{"start":{"line":55,"column":16},"end":{"line":55,"column":24}},"loc":{"start":{"line":55,"column":27},"end":{"line":61,"column":1}}},"7":{"name":"getDiscount","decl":{"start":{"line":64,"column":16},"end":{"line":64,"column":27}},"loc":{"start":{"line":64,"column":30},"end":{"line":68,"column":1}}}},"branchMap":{"0":{"loc":{"start":{"line":17,"column":2},"end":{"line":17,"column":44}},"type":"if","locations":[{"start":{"line":17,"column":2},"end":{"line":17,"column":44}},{"start":{},"end":{}}]},"1":{"loc":{"start":{"line":32,"column":2},"end":{"line":33,"column":54}},"type":"if","locations":[{"start":{"line":32,"column":2},"end":{"line":33,"column":54}},{"start":{},"end":{}}]},"2":{"loc":{"start":{"line":40,"column":2},"end":{"line":40,"column":41}},"type":"if","locations":[{"start":{"line":40,"column":2},"end":{"line":40,"column":41}},{"start":{},"end":{}}]},"3":{"loc":{"start":{"line":60,"column":9},"end":{"line":60,"column":52}},"type":"binary-expr","locations":[{"start":{"line":60,"column":9},"end":{"line":60,"column":28}},{"start":{"line":60,"column":32},"end":{"line":60,"column":52}}]},"4":{"loc":{"start":{"line":66,"column":25},"end":{"line":66,"column":74}},"type":"binary-expr","locations":[{"start":{"line":66,"column":25},"end":{"line":66,"column":48}},{"start":{"line":66,"column":52},"end":{"line":66,"column":74}}]},"5":{"loc":{"start":{"line":67,"column":9},"end":{"line":67,"column":33}},"type":"cond-expr","locations":[{"start":{"line":67,"column":26},"end":{"line":67,"column":29}},{"start":{"line":67,"column":32},"end":{"line":67,"column":33}}]}},"s":{"0":0,"1":0,"2":0,"3":0,"4":0,"5":0,"6":0,"7":0,"8":0,"9":0,"10":0,"11":0,"12":0,"13":0,"14":0,"15":0,"16":0,"17":0,"18":0,"19":0,"20":0,"21":0,"22":0,"23":0,"24":0},"f":{"0":0,"1":0,"2":0,"3":0,"4":0,"5":0,"6":0,"7":0},"b":{"0":[0,0],"1":[0,0],"2":[0,0],"3":[0,0],"4":[0,0],"5":[0,0]}}
,"C:/Users/Holly.Bishop/development/IN_PROGRESS/mastering_javascript_unit_testing/javascript-testing-starter/src/libs/analytics.js": {"path":"C:/Users/Holly.Bishop/development/IN_PROGRESS/mastering_javascript_unit_testing/javascript-testing-starter/src/libs/analytics.js","statementMap":{"0":{"start":{"line":4,"column":2},"end":{"line":4,"column":38}},"1":{"start":{"line":5,"column":2},"end":{"line":5,"column":35}},"2":{"start":{"line":6,"column":2},"end":{"line":6,"column":20}}},"fnMap":{"0":{"name":"trackPageView","decl":{"start":{"line":3,"column":22},"end":{"line":3,"column":35}},"loc":{"start":{"line":3,"column":46},"end":{"line":7,"column":1}}}},"branchMap":{},"s":{"0":0,"1":0,"2":0},"f":{"0":0},"b":{}}
,"C:/Users/Holly.Bishop/development/IN_PROGRESS/mastering_javascript_unit_testing/javascript-testing-starter/src/libs/currency.js": {"path":"C:/Users/Holly.Bishop/development/IN_PROGRESS/mastering_javascript_unit_testing/javascript-testing-starter/src/libs/currency.js","statementMap":{"0":{"start":{"line":1,"column":31},"end":{"line":4,"column":1}},"1":{"start":{"line":2,"column":2},"end":{"line":2,"column":60}},"2":{"start":{"line":3,"column":2},"end":{"line":3,"column":23}}},"fnMap":{"0":{"name":"(anonymous_0)","decl":{"start":{"line":1,"column":31},"end":{"line":1,"column":32}},"loc":{"start":{"line":1,"column":45},"end":{"line":4,"column":1}}}},"branchMap":{},"s":{"0":0,"1":0,"2":0},"f":{"0":0},"b":{}}
,"C:/Users/Holly.Bishop/development/IN_PROGRESS/mastering_javascript_unit_testing/javascript-testing-starter/src/libs/email.js": {"path":"C:/Users/Holly.Bishop/development/IN_PROGRESS/mastering_javascript_unit_testing/javascript-testing-starter/src/libs/email.js","statementMap":{"0":{"start":{"line":4,"column":23},"end":{"line":4,"column":73}},"1":{"start":{"line":6,"column":2},"end":{"line":6,"column":34}},"2":{"start":{"line":10,"column":2},"end":{"line":10,"column":43}},"3":{"start":{"line":11,"column":2},"end":{"line":11,"column":37}},"4":{"start":{"line":12,"column":2},"end":{"line":12,"column":20}}},"fnMap":{"0":{"name":"isValidEmail","decl":{"start":{"line":3,"column":16},"end":{"line":3,"column":28}},"loc":{"start":{"line":3,"column":36},"end":{"line":7,"column":1}}},"1":{"name":"sendEmail","decl":{"start":{"line":9,"column":22},"end":{"line":9,"column":31}},"loc":{"start":{"line":9,"column":45},"end":{"line":13,"column":1}}}},"branchMap":{},"s":{"0":0,"1":0,"2":0,"3":0,"4":0},"f":{"0":0,"1":0},"b":{}}
,"C:/Users/Holly.Bishop/development/IN_PROGRESS/mastering_javascript_unit_testing/javascript-testing-starter/src/libs/payment.js": {"path":"C:/Users/Holly.Bishop/development/IN_PROGRESS/mastering_javascript_unit_testing/javascript-testing-starter/src/libs/payment.js","statementMap":{"0":{"start":{"line":4,"column":2},"end":{"line":4,"column":74}},"1":{"start":{"line":5,"column":2},"end":{"line":5,"column":35}},"2":{"start":{"line":6,"column":2},"end":{"line":6,"column":20}},"3":{"start":{"line":7,"column":2},"end":{"line":7,"column":31}}},"fnMap":{"0":{"name":"charge","decl":{"start":{"line":3,"column":22},"end":{"line":3,"column":28}},"loc":{"start":{"line":3,"column":53},"end":{"line":8,"column":1}}}},"branchMap":{},"s":{"0":0,"1":0,"2":0,"3":0},"f":{"0":0},"b":{}}
,"C:/Users/Holly.Bishop/development/IN_PROGRESS/mastering_javascript_unit_testing/javascript-testing-starter/src/libs/security.js": {"path":"C:/Users/Holly.Bishop/development/IN_PROGRESS/mastering_javascript_unit_testing/javascript-testing-starter/src/libs/security.js","statementMap":{"0":{"start":{"line":2,"column":2},"end":{"line":2,"column":68}}},"fnMap":{"0":{"name":"generateCode","decl":{"start":{"line":1,"column":16},"end":{"line":1,"column":28}},"loc":{"start":{"line":1,"column":31},"end":{"line":3,"column":1}}}},"branchMap":{},"s":{"0":0},"f":{"0":0},"b":{}}
,"C:/Users/Holly.Bishop/development/IN_PROGRESS/mastering_javascript_unit_testing/javascript-testing-starter/src/libs/shipping.js": {"path":"C:/Users/Holly.Bishop/development/IN_PROGRESS/mastering_javascript_unit_testing/javascript-testing-starter/src/libs/shipping.js","statementMap":{"0":{"start":{"line":2,"column":2},"end":{"line":2,"column":64}},"1":{"start":{"line":3,"column":2},"end":{"line":3,"column":56}}},"fnMap":{"0":{"name":"getShippingQuote","decl":{"start":{"line":1,"column":16},"end":{"line":1,"column":32}},"loc":{"start":{"line":1,"column":46},"end":{"line":4,"column":null}}}},"branchMap":{},"s":{"0":0,"1":0},"f":{"0":0},"b":{}}
}
